{"name": "test_delivery_time", "status": "failed", "statusDetails": {"message": "AssertionError: assert 401 == 200\n +  where 401 = <Response [401]>.status_code", "trace": "def test_delivery_time():\n        url = f\"{BASE_URL}/catalog/moderated-offers/ad08d811-e10b-466b-a96a-0708d9c6fe43/delivery-time-estimation\"\n        response = get_with_auth(url, TOKEN)\n>       assert response.status_code == 200\nE       assert 401 == 200\nE        +  where 401 = <Response [401]>.status_code\n\nproject\\tests\\test_shop_api.py:38: AssertionError"}, "steps": [{"name": "Attach request and response details", "status": "passed", "attachments": [{"name": "Request", "source": "54d87bae-29aa-444f-9f78-2f634f2b5d55-attachment.txt", "type": "text/plain"}, {"name": "Response Info", "source": "58208209-606c-4220-a63e-bd9c332d5e52-attachment.txt", "type": "text/plain"}, {"name": "Response Body (JSON)", "source": "6cdcf42d-dbb8-4b2c-b193-ec8a5687d430-attachment.json", "type": "application/json"}], "start": 1759422480261, "stop": 1759422480269}], "start": 1759422479830, "stop": 1759422480269, "uuid": "be8bd9ed-d01b-4b0a-a4db-c68baabfee7f", "historyId": "d1ce917c6a174b2cf7bfa1065b73bb7d", "testCaseId": "d1ce917c6a174b2cf7bfa1065b73bb7d", "fullName": "project.tests.test_shop_api#test_delivery_time", "labels": [{"name": "parentSuite", "value": "project.tests"}, {"name": "suite", "value": "test_shop_api"}, {"name": "host", "value": "WIN-EUU6763EJTL"}, {"name": "thread", "value": "5312-MainThread"}, {"name": "framework", "value": "pytest"}, {"name": "language", "value": "cpython3"}, {"name": "package", "value": "project.tests.test_shop_api"}], "titlePath": ["project", "tests", "test_shop_api.py"]}